<acceptance-test-run title="Wyszukiwanie nieistniejacego incydentu" name="Wyszukiwanie nieistniejacego incydentu" steps="7" successful="6" failures="0" errors="1" skipped="0" ignored="0" pending="0" annotated-result="ERROR" result="ERROR" duration="5826" timestamp="2016-05-28T16:39:41.449+02:00" session-id="eef03a5b-6f34-4b29-8557-4cc4316281bd">
  <user-story id="WyszukiwanieIncydentowPoIdentyfikatorze" name="Wyszukiwanie incydentow po identyfikatorze" path="stories/WyszukiwanieIncydentowPoIdentyfikatorze/WyszukiwanieIncydentowPoIdentyfikatorze.story"/>
  <tags>
    <tag name="Wyszukiwanie incydentow po identyfikatorze" type="feature"/>
    <tag name="Wyszukiwanie incydentow po identyfikatorze/Wyszukiwanie incydentow po identyfikatorze" type="story"/>
  </tags>
  <test-group name="Given uzytkownik jest zalogowany i znajduje sie w zakladce incydenty" result="SUCCESS">
    <screenshots>
      <screenshot image="2f0807d2b020bb888b5ea921b736dbc5.png"/>
      <screenshot image="bed0f5b3d0b69302fd04d755487faf66.png"/>
    </screenshots>
    <test-step result="SUCCESS" duration="814">
      <screenshots>
        <screenshot image="2f0807d2b020bb888b5ea921b736dbc5.png"/>
        <screenshot image="ccbca3691ad9616d55af383e06a914a8.png"/>
      </screenshots>
      <description>Otworz strone logowania u</description>
    </test-step>
    <test-step result="SUCCESS" duration="809">
      <screenshots>
        <screenshot image="ccbca3691ad9616d55af383e06a914a8.png"/>
        <screenshot image="74ee86a291b2fa278f536a0d47e399af.png"/>
      </screenshots>
      <description>Wpisz email u</description>
    </test-step>
    <test-step result="SUCCESS" duration="781">
      <screenshots>
        <screenshot image="74ee86a291b2fa278f536a0d47e399af.png"/>
        <screenshot image="ef0496d614ea70d555d3292b0c136fd3.png"/>
      </screenshots>
      <description>Wpisz haslo u</description>
    </test-step>
    <test-step result="SUCCESS" duration="918">
      <screenshots>
        <screenshot image="ef0496d614ea70d555d3292b0c136fd3.png"/>
        <screenshot image="bed0f5b3d0b69302fd04d755487faf66.png"/>
      </screenshots>
      <description>Wcisnij przycisk zaloguj sie</description>
    </test-step>
    <test-step result="SUCCESS" duration="294">
      <screenshots>
        <screenshot image="bed0f5b3d0b69302fd04d755487faf66.png"/>
      </screenshots>
      <description>Assert napis incydenty</description>
    </test-step>
  </test-group>
  <test-group name="When uzytkownik wprowadza identyfikator nieistniejacego incydentu" result="SUCCESS">
    <screenshots>
      <screenshot image="a6caa4c87dbe01b56fb628879364f47b.png"/>
    </screenshots>
    <test-step result="SUCCESS" duration="1237">
      <screenshots>
        <screenshot image="a6caa4c87dbe01b56fb628879364f47b.png"/>
      </screenshots>
      <description>Wyszukanie incydentu id21</description>
    </test-step>
  </test-group>
  <test-group name="Then system wyswietla komunikat: Nie znaleziono incydentu" result="ERROR">
    <screenshots>
      <screenshot image="a6caa4c87dbe01b56fb628879364f47b.png"/>
    </screenshots>
    <test-step result="ERROR" duration="324">
      <screenshots>
        <screenshot image="a6caa4c87dbe01b56fb628879364f47b.png" source="pagesource8354332478545012544.html.txt"/>
      </screenshots>
      <description>Komunikat nie znaleziono incydentu</description>
      <error>org.openqa.selenium.NoSuchElementException: The text &apos;Nie znaleziono incydentu&apos; was not found in the page
For documentation on this error, please visit: http://seleniumhq.org/exceptions/no_such_element.html
Build info: version: &apos;2.53.0&apos;, revision: &apos;35ae25b&apos;, time: &apos;2016-03-15 16:57:40&apos;
System info: host: &apos;Bartek-Komputer&apos;, ip: &apos;192.168.0.105&apos;, os.name: &apos;Windows 7&apos;, os.arch: &apos;amd64&apos;, os.version: &apos;6.1&apos;, java.version: &apos;1.8.0_45&apos;
Driver info: driver.version: unknown</error>
      <exception>org.openqa.selenium.NoSuchElementException:The text &apos;Nie znaleziono incydentu&apos; was not found in the page
For documentation on this error, please visit: http://seleniumhq.org/exceptions/no_such_element.html
Build info: version: &apos;2.53.0&apos;, revision: &apos;35ae25b&apos;, time: &apos;2016-03-15 16:57:40&apos;
System info: host: &apos;Bartek-Komputer&apos;, ip: &apos;192.168.0.105&apos;, os.name: &apos;Windows 7&apos;, os.arch: &apos;amd64&apos;, os.version: &apos;6.1&apos;, java.version: &apos;1.8.0_45&apos;
Driver info: driver.version: unknown&#xd;
[icm.pages.Incydenty.komunikatNieZnalezionoIncydentu(Incydenty.java:122), icm.steps.serenity.EndUserSteps.komunikatNieZnalezionoIncydentu(EndUserSteps.java:329), icm.steps.DefinitionSteps.komunikatNieZnalezionoIncydentu(DefinitionSteps.java:283)]</exception>
    </test-step>
  </test-group>
</acceptance-test-run>